[
  {
    "level_": 0,
    "message_": "ABIs [arm64-v8a,armeabi-v7a,armeabi] set by \u0027android.injected.build.abi\u0027 gradle flag contained \u0027ARMEABI\u0027 not targeted by this project.",
    "file_": "",
    "tag_": "",
    "diagnosticCode_": 0,
    "memoizedIsInitialized": 1,
    "unknownFields": {
      "fields": {},
      "fieldsDescending": {}
    },
    "memoizedSize": -1,
<<<<<<< HEAD
    "memoizedHashCode": -888689070
=======
    "memoizedHashCode": -1179580919
>>>>>>> 8cb728e758bf6cc7796b76b491299cc65118ae92
  }
]